INFO - 
🚀 Starting test case: =>=>=> Purchase Flow with Store Pickup and Order Confirmation. <=<=<= 🚀

INFO - Navigating to URL: https://qa-josephsbeverage-teststore.epicommercestore.com/
INFO - Signing in...
INFO -  Verifying login page heading: Customer Login
INFO - User signed in successfully!
INFO - Adding products to the cart from Excel data...
INFO - Data received: {"CategoryName":"POP","SubCategoryName":"RED-BULL","ProductName":"Red Bull SF 6 pack"}
INFO - Checking categoryName: "POP"
INFO - Checking subcategoryName: "RED-BULL"
INFO - Checking productName: "Red Bull SF 6 pack"
INFO - Category matched: "pop"
INFO - Category is expanded
INFO - Subcategory matched: RED-BULL
INFO - Red Bull SF 6 pack added in cart
INFO - Data received: {"CategoryName":"OH-LIQUOR","SubCategoryName":"BRANDY","ProductName":"HENNESSY XO - 4103B"}
INFO - Checking categoryName: "OH-LIQUOR"
INFO - Checking subcategoryName: "BRANDY"
INFO - Checking productName: "HENNESSY XO - 4103B"
INFO - Category matched: "oh-liquor"
INFO - Category is expanded
INFO - Subcategory matched: BRANDY
INFO - HENNESSY XO - 4103B added in cart
INFO - Data received: {"CategoryName":"OH-LIQUOR","SubCategoryName":"SCOTCH","ProductName":"CLASSIC MALTS - COASTAL PACK - 6669H"}
INFO - Checking categoryName: "OH-LIQUOR"
INFO - Checking subcategoryName: "SCOTCH"
INFO - Checking productName: "CLASSIC MALTS - COASTAL PACK - 6669H"
INFO - Category matched: "oh-liquor"
INFO - Category is expanded
INFO - Subcategory matched: SCOTCH
INFO - CLASSIC MALTS - COASTAL PACK - 6669H added in cart
INFO - Data received: {"CategoryName":"TOBACCO","SubCategoryName":"KING-EDWARD","ProductName":"KING EDWARD"}
INFO - Checking categoryName: "TOBACCO"
INFO - Checking subcategoryName: "KING-EDWARD"
INFO - Checking productName: "KING EDWARD"
INFO - Category matched: "tobacco"
INFO - Category is expanded
INFO - Subcategory matched: KING-EDWARD
INFO - Item qty not available, skipping this product
INFO - Data received: {"CategoryName":"E-Cig","SubCategoryName":"Breeze","ProductName":"Breeze Watermelon Mint"}
INFO - Checking categoryName: "E-Cig"
INFO - Checking subcategoryName: "Breeze"
INFO - Checking productName: "Breeze Watermelon Mint"
INFO - Category matched: "e-cig"
INFO - Category is expanded
INFO - Subcategory matched: Breeze
INFO - Item qty not available, skipping this product
INFO - All available products added to the cart
INFO - Proceeding to checkout...
INFO - Selecting Store Pickup at checkout...
INFO - Selected store pickup radio button
INFO - Clicked on Store Pickup order type radio button
INFO - Validating address and proceeding to checkout...
INFO - Filling payment card details...
INFO - Payment successful! Order number: 000000844
INFO - Navigating to My Orders page and extracting order and pricing details...
INFO - Checking before/after status from My Accounts Page...
INFO - User is on the My Account page
INFO - Before action status: Processing
INFO - Confirming order...
INFO - Validating order data...
INFO - Data validation successful!
INFO - Validating pricing details...
INFO - OrderNo:-000000844 verified
INFO - Expected Subtotal:  280.97, Actual Subtotal: 280.97
INFO - Expected Shipping:  0, Actual Shipping: 0
INFO - Expected ServiceFee:  5.62, Actual ServiceFee: 5.62
INFO - Expected Taxes:  21.78, Actual Taxes: 21.78
INFO - Expected GrandTotal:  308.37, Actual GrandTotal: 308.37
INFO - Pricing validation successful!
INFO - User is on the My Account page
INFO - After action status: Confirmed
INFO - Congratulations! Order successfully placed.
INFO - 
✅ Finished test case: =>=>=> Purchase Flow with Store Pickup and Order Confirmation. <=<=<= ✅

