[2024-02-29T08:49:18.843] [INFO] default - 
🚀 Starting test case: =>=>=> Purchase Flow with Store Pickup and Order Confirmation. <=<=<= 🚀

[2024-02-29T08:49:22.238] [INFO] default - Navigating to URL: https://qa-josephsbeverage-teststore.epicommercestore.com/
[2024-02-29T08:49:22.241] [INFO] default - Signing in...
[2024-02-29T08:49:23.033] [INFO] default -  Verifying login page heading: Customer Login
[2024-02-29T08:49:25.553] [INFO] default - User signed in successfully!
[2024-02-29T08:49:25.637] [INFO] default - Adding products to the cart from Excel data...
[2024-02-29T08:49:25.637] [INFO] default - Data received: {"CategoryName":"POP","SubCategoryName":"RED-BULL","ProductName":"Red Bull SF 6 pack"}
[2024-02-29T08:49:25.637] [INFO] default - Checking categoryName: "POP"
[2024-02-29T08:49:25.637] [INFO] default - Checking subcategoryName: "RED-BULL"
[2024-02-29T08:49:25.638] [INFO] default - Checking productName: "Red Bull SF 6 pack"
[2024-02-29T08:49:25.818] [INFO] default - Category matched: "pop"
[2024-02-29T08:49:25.928] [INFO] default - Category is expanded
[2024-02-29T08:49:26.158] [INFO] default - Subcategory matched: RED-BULL
[2024-02-29T08:49:33.863] [INFO] default - Red Bull SF 6 pack added in cart
[2024-02-29T08:49:33.921] [INFO] default - Data received: {"CategoryName":"OH-LIQUOR","SubCategoryName":"BRANDY","ProductName":"HENNESSY XO - 4103B"}
[2024-02-29T08:49:33.921] [INFO] default - Checking categoryName: "OH-LIQUOR"
[2024-02-29T08:49:33.922] [INFO] default - Checking subcategoryName: "BRANDY"
[2024-02-29T08:49:33.922] [INFO] default - Checking productName: "HENNESSY XO - 4103B"
[2024-02-29T08:49:34.538] [INFO] default - Category matched: "oh-liquor"
[2024-02-29T08:49:34.683] [INFO] default - Category is expanded
[2024-02-29T08:49:35.050] [INFO] default - Subcategory matched: BRANDY
[2024-02-29T08:49:41.610] [INFO] default - HENNESSY XO - 4103B added in cart
[2024-02-29T08:49:41.643] [INFO] default - Data received: {"CategoryName":"OH-LIQUOR","SubCategoryName":"SCOTCH","ProductName":"CLASSIC MALTS - COASTAL PACK - 6669H"}
[2024-02-29T08:49:41.643] [INFO] default - Checking categoryName: "OH-LIQUOR"
[2024-02-29T08:49:41.643] [INFO] default - Checking subcategoryName: "SCOTCH"
[2024-02-29T08:49:41.643] [INFO] default - Checking productName: "CLASSIC MALTS - COASTAL PACK - 6669H"
[2024-02-29T08:49:42.121] [INFO] default - Category matched: "oh-liquor"
[2024-02-29T08:49:42.257] [INFO] default - Category is expanded
[2024-02-29T08:49:42.410] [INFO] default - Subcategory matched: SCOTCH
[2024-02-29T08:49:45.897] [INFO] default - CLASSIC MALTS - COASTAL PACK - 6669H added in cart
[2024-02-29T08:49:45.934] [INFO] default - Data received: {"CategoryName":"TOBACCO","SubCategoryName":"KING-EDWARD","ProductName":"KING EDWARD"}
[2024-02-29T08:49:45.934] [INFO] default - Checking categoryName: "TOBACCO"
[2024-02-29T08:49:45.934] [INFO] default - Checking subcategoryName: "KING-EDWARD"
[2024-02-29T08:49:45.934] [INFO] default - Checking productName: "KING EDWARD"
[2024-02-29T08:49:46.277] [INFO] default - Category matched: "tobacco"
[2024-02-29T08:49:46.443] [INFO] default - Category is expanded
[2024-02-29T08:49:46.554] [INFO] default - Subcategory matched: KING-EDWARD
[2024-02-29T08:49:49.709] [INFO] default - Item qty not available, skipping this product
[2024-02-29T08:49:49.709] [INFO] default - Data received: {"CategoryName":"E-Cig","SubCategoryName":"Breeze","ProductName":"Breeze Watermelon Mint"}
[2024-02-29T08:49:49.709] [INFO] default - Checking categoryName: "E-Cig"
[2024-02-29T08:49:49.709] [INFO] default - Checking subcategoryName: "Breeze"
[2024-02-29T08:49:49.709] [INFO] default - Checking productName: "Breeze Watermelon Mint"
[2024-02-29T08:49:49.963] [INFO] default - Category matched: "e-cig"
[2024-02-29T08:49:50.094] [INFO] default - Category is expanded
[2024-02-29T08:49:50.130] [INFO] default - Subcategory matched: Breeze
[2024-02-29T08:49:58.036] [INFO] default - Item qty not available, skipping this product
[2024-02-29T08:49:58.036] [INFO] default - All available products added to the cart
[2024-02-29T08:49:58.036] [INFO] default - Proceeding to checkout...
[2024-02-29T08:50:01.033] [INFO] default - Selecting Store Pickup at checkout...
[2024-02-29T08:50:04.651] [INFO] default - Selected store pickup radio button
[2024-02-29T08:50:07.828] [INFO] default - Clicked on Store Pickup order type radio button
[2024-02-29T08:50:07.829] [INFO] default - Validating address and proceeding to checkout...
[2024-02-29T08:50:10.855] [INFO] default - Filling payment card details...
[2024-02-29T08:50:27.221] [INFO] default - Payment successful! Order number: 000000839
[2024-02-29T08:50:27.221] [INFO] default - Navigating to My Orders page and extracting order and pricing details...
[2024-02-29T08:50:29.202] [INFO] default - Checking before/after status from My Accounts Page...
[2024-02-29T08:50:30.033] [INFO] default - User is on the My Account page
[2024-02-29T08:50:31.198] [INFO] default - Before action status: Processing
[2024-02-29T08:50:31.203] [INFO] default - Confirming order...
[2024-02-29T08:50:35.013] [INFO] default - Validating order data...
[2024-02-29T08:50:35.014] [INFO] default - Data validation successful!
[2024-02-29T08:50:35.014] [INFO] default - Validating pricing details...
[2024-02-29T08:50:35.014] [INFO] default - OrderNo:-000000839 verified
[2024-02-29T08:50:35.015] [INFO] default - Expected Subtotal:  539.95, Actual Subtotal: 539.95
[2024-02-29T08:50:35.015] [INFO] default - Expected Shipping:  0, Actual Shipping: 0
[2024-02-29T08:50:35.015] [INFO] default - Expected ServiceFee:  10.8, Actual ServiceFee: 10.8
[2024-02-29T08:50:35.015] [INFO] default - Expected Taxes:  41.85, Actual Taxes: 41.85
[2024-02-29T08:50:35.015] [INFO] default - Expected GrandTotal:  592.6, Actual GrandTotal: 592.6
[2024-02-29T08:50:35.015] [INFO] default - Pricing validation successful!
[2024-02-29T08:50:44.111] [INFO] default - User is on the My Account page
[2024-02-29T08:50:45.347] [INFO] default - After action status: Confirmed
[2024-02-29T08:50:45.349] [INFO] default - Congratulations! Order successfully placed.
[2024-02-29T08:50:45.349] [INFO] default - 
✅ Finished test case: =>=>=> Purchase Flow with Store Pickup and Order Confirmation. <=<=<= ✅

[2024-02-29T08:50:50.803] [INFO] default - 
🚀 Starting test case: =>=>=> Purchase Flow with Delivery Option and Order Rejection. <=<=<= 🚀

[2024-02-29T08:50:53.904] [INFO] default - Signing in...
[2024-02-29T08:50:54.700] [INFO] default -  Verifying login page heading: Customer Login
[2024-02-29T08:50:57.396] [INFO] default - User Signed in Succesfully!
[2024-02-29T08:50:57.448] [INFO] default - Adding products to the cart from Excel data...
[2024-02-29T08:50:57.448] [INFO] default - Data received: {"CategoryName":"OH-LIQUOR","SubCategoryName":"Vodka","ProductName":"THREE OLIVES CUCUMBER LIME - 9344B"}
[2024-02-29T08:50:57.448] [INFO] default - Checking categoryName: "OH-LIQUOR"
[2024-02-29T08:50:57.449] [INFO] default - Checking subcategoryName: "Vodka"
[2024-02-29T08:50:57.449] [INFO] default - Checking productName: "THREE OLIVES CUCUMBER LIME - 9344B"
[2024-02-29T08:50:57.725] [INFO] default - Category matched: "oh-liquor"
[2024-02-29T08:50:57.845] [INFO] default - Category is expanded
[2024-02-29T08:50:57.991] [INFO] default - Subcategory matched: Vodka
[2024-02-29T08:51:03.053] [INFO] default - THREE OLIVES CUCUMBER LIME - 9344B added in cart
[2024-02-29T08:51:03.090] [INFO] default - Data received: {"CategoryName":"POP","SubCategoryName":"MONSTER","ProductName":"MONSTER REHAB 16OZ"}
[2024-02-29T08:51:03.090] [INFO] default - Checking categoryName: "POP"
[2024-02-29T08:51:03.090] [INFO] default - Checking subcategoryName: "MONSTER"
[2024-02-29T08:51:03.090] [INFO] default - Checking productName: "MONSTER REHAB 16OZ"
[2024-02-29T08:51:03.371] [INFO] default - Category matched: "pop"
[2024-02-29T08:51:03.508] [INFO] default - Category is expanded
[2024-02-29T08:51:03.786] [INFO] default - Subcategory matched: MONSTER
[2024-02-29T08:51:13.268] [INFO] default - MONSTER REHAB 16OZ added in cart
[2024-02-29T08:51:13.297] [INFO] default - All available products added in the cart
[2024-02-29T08:51:13.297] [INFO] default - Clicking on Proceed To Checkout button from shopping cart icon
[2024-02-29T08:51:16.233] [INFO] default - Selecting delivery option at checkout
[2024-02-29T08:51:22.785] [INFO] default - Clicked on Delivery order type radio button
[2024-02-29T08:51:22.785] [INFO] default - Validating address and proceeding to checkout
[2024-02-29T08:51:26.442] [INFO] default - Filling payment card details...
[2024-02-29T08:51:41.145] [INFO] default - Payment successful! OrderNo is generated.
[2024-02-29T08:51:41.145] [INFO] default - Order No is: 000000840
[2024-02-29T08:51:41.145] [INFO] default - Navigating to My Orders page and extracting addresses and pricing details
[2024-02-29T08:51:43.125] [INFO] default - Checking Before/After status from My Accounts Page
[2024-02-29T08:51:43.951] [INFO] default - User is on the My Account page
[2024-02-29T08:51:45.182] [INFO] default - Before Action status: Processing
[2024-02-29T08:51:49.161] [INFO] default - Data validation successful!
[2024-02-29T08:51:49.161] [INFO] default - Validating Pricing details
[2024-02-29T08:51:49.161] [INFO] default - OrderNo:-000000840 verified
[2024-02-29T08:51:49.161] [INFO] default - Expected Subtotal:  8.77, Actual Subtotal: 8.77
[2024-02-29T08:51:49.161] [INFO] default - Expected Shipping:  5, Actual Shipping: 5
[2024-02-29T08:51:49.161] [INFO] default - Expected ServiceFee:  0.18, Actual ServiceFee: 0.18
[2024-02-29T08:51:49.161] [INFO] default - Expected Taxes:  0.68, Actual Taxes: 0.68
[2024-02-29T08:51:49.161] [INFO] default - Expected GrandTotal:  14.63, Actual GrandTotal: 14.63
[2024-02-29T08:51:49.161] [INFO] default - Pricing validation successful!
[2024-02-29T08:51:56.055] [INFO] default - User is on the My Account page
[2024-02-29T08:51:57.438] [INFO] default - After Action status:  Processing
[2024-02-29T08:51:57.438] [INFO] default - Congratulations! you've successfully Canceled the order!!
[2024-02-29T08:51:57.438] [INFO] default - 
✅ Finished test case: =>=>=> Purchase Flow with Delivery Option and Order Rejection. <=<=<= ✅

[2024-02-29T08:52:01.718] [INFO] default - 
🚀 Starting test case: =>=>=> Header Validation on Homepage Before Sign-In. <=<=<= 🚀

[2024-02-29T08:52:05.020] [INFO] default - Store info is being displayed as : Josephs Beverage Center-test, 4129 Talmadge RD, Toledo, Ohio, 43623
[2024-02-29T08:52:05.026] [INFO] default - Merchant's phone and hours info is being displayed as : (631) 494-3506 Open from 9:00 am to 6:00 pm
[2024-02-29T08:52:05.074] [INFO] default - Logo is displayed on the homepage of the application
[2024-02-29T08:52:05.094] [INFO] default - Shopping Cart icon is displayed
[2024-02-29T08:52:05.568] [INFO] default - Logo functionality is working fine
[2024-02-29T08:52:06.923] [INFO] default - The Account functions is not functioning properly as it is displayed on the homepage for users who are not logged in.
[2024-02-29T08:52:08.061] [INFO] default - Shopping cart functionality is working fine when no product is added
[2024-02-29T08:52:11.481] [INFO] default - Sign in Functionality is working fine, User is logged in
[2024-02-29T08:52:12.325] [INFO] default - Sign out functionality is working fine, User is logged out
[2024-02-29T08:52:12.325] [INFO] default - Congratulations!! All Header Validation is Successful
[2024-02-29T08:52:12.325] [INFO] default - 
✅ Finished test case: =>=>=> Header Validation on Homepage Before Sign-In <=<=<= ✅

[2024-02-29T08:52:13.653] [INFO] default - 
🚀 Starting test case: =>=>=> Quick Guest Checkout with Delivery Order Type. <=<=<= 🚀

[2024-02-29T08:52:17.647] [INFO] default - Adding products to the cart from Excel data...
[2024-02-29T08:52:17.647] [INFO] default - Data received: {"CategoryName":"CIGARS","SubCategoryName":"CIGARS","ProductName":"cigars"}
[2024-02-29T08:52:17.647] [INFO] default - Checking categoryName: "CIGARS"
[2024-02-29T08:52:17.647] [INFO] default - Checking subcategoryName: "CIGARS"
[2024-02-29T08:52:17.647] [INFO] default - Checking productName: "cigars"
[2024-02-29T08:52:17.759] [INFO] default - Category matched: "cigars"
[2024-02-29T08:52:17.876] [INFO] default - Category is expanded
[2024-02-29T08:52:17.902] [INFO] default - Subcategory matched: CIGARS
[2024-02-29T08:52:21.434] [INFO] default - cigars added in cart
[2024-02-29T08:52:21.460] [INFO] default - Data received: {"CategoryName":"E-Cig","SubCategoryName":"Breeze","ProductName":"Breeze Pro Pina Colada"}
[2024-02-29T08:52:21.460] [INFO] default - Checking categoryName: "E-Cig"
[2024-02-29T08:52:21.460] [INFO] default - Checking subcategoryName: "Breeze"
[2024-02-29T08:52:21.460] [INFO] default - Checking productName: "Breeze Pro Pina Colada"
[2024-02-29T08:52:21.586] [INFO] default - Category matched: "e-cig"
[2024-02-29T08:52:21.745] [INFO] default - Category is expanded
[2024-02-29T08:52:21.803] [INFO] default - Subcategory matched: Breeze
[2024-02-29T08:52:25.335] [INFO] default - Item qty not available, skipping this product
[2024-02-29T08:52:25.336] [INFO] default - Available products added in the cart
[2024-02-29T08:52:25.336] [INFO] default - Clicking on Proceed To Checkout button from shopping cart icon
[2024-02-29T08:52:28.250] [INFO] default - Selecting order type radio button, adding addresses and checking out
[2024-02-29T08:52:44.836] [INFO] default - Clicked on Delivery order type radio button and filled shipping details
[2024-02-29T08:52:44.837] [INFO] default - Filling payment card details...
[2024-02-29T08:53:00.669] [INFO] default - Payment successful!! Order number is generated.
[2024-02-29T08:53:00.669] [INFO] default - Order No is: 000000841
[2024-02-29T08:53:00.669] [INFO] default - Congratulations you've successfully placed an order with orderId: 000000841
[2024-02-29T08:53:00.669] [INFO] default - 
✅ Finished test case: =>=>=> Quick Guest Checkout with Delivery Order Type. <=<=<= ✅

[2024-02-29T08:53:03.950] [INFO] default - 
🚀 Starting test case: =>=>=> Edit User Firstname And Lastname. <=<=<= 🚀

[2024-02-29T08:53:07.298] [INFO] default - Signing in...
[2024-02-29T08:53:10.459] [INFO] default - User Signed in Succesfully!
[2024-02-29T08:53:11.285] [INFO] default - User is on the My Account page
[2024-02-29T08:53:11.347] [INFO] default - Before editing account firstname, lastname is --> John Doe
[2024-02-29T08:53:15.098] [INFO] default - User's Account firstname and lastname are changed
[2024-02-29T08:53:15.128] [INFO] default - After editing account firstname, lastname is --> QARemo Sys
[2024-02-29T08:53:15.132] [INFO] default - 
✅ Finished test case: =>=>=> Edit User Firstname And Lastname. <=<=<= ✅

[2024-02-29T08:53:16.183] [INFO] default - 
🚀 Starting test case: =>=>=> Get Default Billing/Shipping Addresses. <=<=<= 🚀

[2024-02-29T08:53:19.484] [INFO] default - Signing in...
[2024-02-29T08:53:22.745] [INFO] default - User Signed in Successfully!
[2024-02-29T08:53:23.582] [INFO] default - User is on the My Account page
[2024-02-29T08:53:24.587] [INFO] default - Default Billing address is: QARemo1111111 Sys, , Test, , , , Toledo, Ohio, 43623, United States, T: 123-456-7890
[2024-02-29T08:53:24.587] [INFO] default - Default Shipping address is: Remo22222222 Sys, , 6360 Secor Rd, 48144, United States, , , , Lambertville, MI, Ohio, 48144, United States, T: 123-456-7890
[2024-02-29T08:53:24.587] [INFO] default - 
✅ Finished test case: =>=>=> Get Default Billing/Shipping Addresses. <=<=<= ✅

[2024-02-29T08:53:25.855] [INFO] default - 
🚀 Starting test case: =>=>=> Product Validation Through Search Panel Using SKU Values. <=<=<= 🚀

[2024-02-29T08:53:29.139] [INFO] default - Adding products to the cart from Excel data...
[2024-02-29T08:53:29.139] [INFO] default - Looking for 707510415408 SKU value
[2024-02-29T08:53:32.246] [INFO] default - You added Sluricane Hurricane to your shopping cart.
[2024-02-29T08:53:32.246] [INFO] default - Looking for 412565696190 SKU value
[2024-02-29T08:53:36.301] [INFO] default - You added Tap Deposit to your shopping cart.
[2024-02-29T08:53:36.301] [INFO] default - Looking for 070847038245 SKU value
[2024-02-29T08:53:40.775] [INFO] default - You added MONSTER HYDRO ZERO SUGAR 20OZ to your shopping cart.
[2024-02-29T08:53:40.775] [INFO] default - Looking for 145627282829 SKU value
[2024-02-29T08:53:42.185] [INFO] default - Did not find any product with the SKU value 145627282829
[2024-02-29T08:53:42.185] [INFO] default - All available products are added in the cart through SKU values
[2024-02-29T08:53:42.185] [INFO] default - 
✅ Finished test case: =>=>=> Product Validation Through Search Panel Using SKU Values. <=<=<= ✅

[2024-02-29T08:53:47.214] [INFO] default - The user is signing in
[2024-02-29T08:53:50.518] [INFO] default - User Signed in Successfully!
[2024-02-29T08:53:51.287] [INFO] default - 
🚀 Starting test case: =>=>=> Purchase Flow with Delivery Option and Order Rejection. <=<=<= 🚀

[2024-02-29T08:53:52.260] [INFO] default - Extracting data from excel and adding products to the cart
[2024-02-29T08:53:52.261] [INFO] default - Data received: {"CategoryName":"WINE","SubCategoryName":"Champagne","ProductName":"Freixenet Prosecco"}
[2024-02-29T08:53:52.261] [INFO] default - Checking categoryName: "WINE"
[2024-02-29T08:53:52.261] [INFO] default - Checking subcategoryName: "Champagne"
[2024-02-29T08:53:52.261] [INFO] default - Checking productName: "Freixenet Prosecco"
[2024-02-29T08:53:52.898] [INFO] default - Category matched: "wine"
[2024-02-29T08:53:53.003] [INFO] default - Category is expanded
[2024-02-29T08:53:53.437] [INFO] default - Subcategory matched: Champagne
[2024-02-29T08:54:04.512] [INFO] default - Freixenet Prosecco added in cart
[2024-02-29T08:54:04.580] [INFO] default - Data received: {"CategoryName":"wine","SubCategoryName":"moscato","ProductName":"Vignaioli Moscato D'asti"}
[2024-02-29T08:54:04.580] [INFO] default - Checking categoryName: "wine"
[2024-02-29T08:54:04.580] [INFO] default - Checking subcategoryName: "moscato"
[2024-02-29T08:54:04.580] [INFO] default - Checking productName: "Vignaioli Moscato D'asti"
[2024-02-29T08:54:05.158] [INFO] default - Category matched: "wine"
[2024-02-29T08:54:05.311] [INFO] default - Category is expanded
[2024-02-29T08:54:06.103] [INFO] default - Subcategory matched: moscato
[2024-02-29T08:54:16.370] [INFO] default - Item qty not available, skipping this product
[2024-02-29T08:54:16.370] [INFO] default - Data received: {"CategoryName":"Wine","SubCategoryName":"syrah","ProductName":"SPELLBOUND PETITE SIRAH"}
[2024-02-29T08:54:16.370] [INFO] default - Checking categoryName: "Wine"
[2024-02-29T08:54:16.370] [INFO] default - Checking subcategoryName: "syrah"
[2024-02-29T08:54:16.370] [INFO] default - Checking productName: "SPELLBOUND PETITE SIRAH"
[2024-02-29T08:54:16.873] [INFO] default - Category matched: "wine"
[2024-02-29T08:54:16.993] [INFO] default - Category is expanded
[2024-02-29T08:54:17.539] [INFO] default - Subcategory matched: syrah
[2024-02-29T08:54:24.070] [INFO] default - SPELLBOUND PETITE SIRAH added in cart
[2024-02-29T08:54:24.107] [INFO] default - Data received: {"CategoryName":"Wine","SubCategoryName":"Organic-and-Kosher","ProductName":"Schlink Haus Organic Riesling"}
[2024-02-29T08:54:24.108] [INFO] default - Checking categoryName: "Wine"
[2024-02-29T08:54:24.108] [INFO] default - Checking subcategoryName: "Organic-and-Kosher"
[2024-02-29T08:54:24.108] [INFO] default - Checking productName: "Schlink Haus Organic Riesling"
[2024-02-29T08:54:24.606] [INFO] default - Category matched: "wine"
[2024-02-29T08:54:24.753] [INFO] default - Category is expanded
[2024-02-29T08:54:25.697] [INFO] default - Subcategory matched: Organic-and-Kosher
[2024-02-29T08:54:29.158] [INFO] default - Schlink Haus Organic Riesling added in cart
[2024-02-29T08:54:29.205] [INFO] default - All available products added in the cart
[2024-02-29T08:54:34.885] [INFO] default - 45.22
[2024-02-29T08:54:38.971] [INFO] default - 131.36
[2024-02-29T08:54:38.975] [INFO] default - All quantities are increased for products available in the cart
[2024-02-29T08:54:38.975] [INFO] default - 
✅ Finished test case: =>=>=> Validate Quantities Update Functionality. <=<=<= ✅

[2024-02-29T08:54:41.091] [INFO] default - 
🚀 Starting test case: =>=>=> Validate Remove Single Product From Minicart Functionality. <=<=<= 🚀

[2024-02-29T08:54:48.631] [INFO] default - Congratulation! first product has been removed from the cart. The remove button is working fine.
[2024-02-29T08:54:48.631] [INFO] default - 
✅ Finished test case: =>=>=> Validate Remove Single Product From Minicart Functionality. <=<=<= ✅

[2024-02-29T08:54:49.733] [INFO] default - 
🚀 Starting test case: =>=>=> Validate All Products Remove Functionality. <=<=<= 🚀

[2024-02-29T08:54:57.906] [INFO] default - Congratulation! all products have been removed from the cart.
[2024-02-29T08:54:57.906] [INFO] default - 
✅ Finished test case: =>=>=> Validate All Products Remove Functionality. <=<=<= ✅

[2024-02-29T08:55:01.458] [INFO] default - 
🚀 Starting test case: =>=>=> Get Additional Addresses Entries. <=<=<= 🚀

[2024-02-29T08:55:04.554] [INFO] default - Navigated to URL: https://qa-josephsbeverage-teststore.epicommercestore.com/
[2024-02-29T08:55:04.555] [INFO] default - Signing in...
[2024-02-29T08:55:07.745] [INFO] default - User Signed in Successfully!
[2024-02-29T08:55:08.564] [INFO] default - User is on the My Account page
[2024-02-29T08:55:09.546] [INFO] default - Additional addresses: QA, Tester, 4129 Talmadge RD, Toledo, United States, Ohio, 43623, 098-765-4321, , Edit, Delete,QARemo, Sys, 8607 Co Rd 30, Iberia, United States, Ohio, 43623, 111-111-1111, , Edit, Delete
[2024-02-29T08:55:09.546] [INFO] default - 
✅ Finished test case: =>=>=> Get Additional Addresses Entries. <=<=<= ✅

